[17868:13292:1018/001610.623:WARNING:chrome_main_delegate.cc(613)] This is Chrome version 118.0.5993.71 (not a warning)
[17868:13292:1018/001610.698:INFO:policy_logger.cc(142)] :components\enterprise\browser\controller\chrome_browser_cloud_management_controller.cc(168) Starting CBCM Controller Initialization
[17868:13292:1018/001610.698:INFO:policy_logger.cc(142)] :components\enterprise\browser\controller\chrome_browser_cloud_management_controller.cc(196) No machine level policy manager exists.
[17868:13292:1018/001612.082:INFO:CONSOLE(0)] "Fetch event handler is recognized as no-op. No-op fetch handler may bring overhead during navigation. Consider removing the handler if possible.", source:  (0)
[17868:13292:1018/001612.250:INFO:CONSOLE(2)] "No pending requests to replay", source: https://cdn.moengage.com/webpush/releases/serviceworker_cdn.min.latest.js (2)
[17868:13292:1018/001613.278:INFO:CONSOLE(1)] "[Cable::context] Initializing CableContext", source: https://www.olx.com.pk/assets/sentry.1791926275efd7919e9d.js (1)
[17868:13292:1018/001613.478:INFO:CONSOLE(1)] "0", source: https://www.olx.com.pk/assets/sentry.1791926275efd7919e9d.js (1)
[17868:13292:1018/001620.701:INFO:CONSOLE(2)] "Powered by AMP ⚡ HTML – Version 2310061803000 https://www.olx.com.pk/electronics-home-appliances_c99", source: https://cdn.ampproject.org/rtv/012310061803000/amp4ads-v0.mjs (2)
[17868:13292:1018/001636.824:INFO:CONSOLE(1)] "[Cable::context] Initializing CableContext", source: https://www.olx.com.pk/assets/sentry.1791926275efd7919e9d.js (1)
[17868:13292:1018/001636.941:INFO:CONSOLE(1)] "0", source: https://www.olx.com.pk/assets/sentry.1791926275efd7919e9d.js (1)
[17868:13292:1018/001707.499:INFO:CONSOLE(1)] "[Cable::context] Initializing CableContext", source: https://www.olx.com.pk/assets/sentry.1791926275efd7919e9d.js (1)
[17868:13292:1018/001707.602:INFO:CONSOLE(1)] "0", source: https://www.olx.com.pk/assets/sentry.1791926275efd7919e9d.js (1)
[17868:13292:1018/001746.699:INFO:CONSOLE(1)] "[Cable::context] Initializing CableContext", source: https://www.olx.com.pk/assets/sentry.1791926275efd7919e9d.js (1)
[17868:13292:1018/001746.852:INFO:CONSOLE(1)] "0", source: https://www.olx.com.pk/assets/sentry.1791926275efd7919e9d.js (1)
[17868:13292:1018/001816.701:INFO:CONSOLE(1)] "Slow network is detected. See https://www.chromestatus.com/feature/5636954674692096 for more details. Fallback font will be used while loading: https://www.olx.com.pk/assets/Roboto-Regular.479970ffb74f2117317f9d24d9e317fe.woff2", source: https://www.olx.com.pk/item/vaporesso-luxe-x-iid-1078862457 (1)
[17868:13292:1018/001816.702:INFO:CONSOLE(1)] "Slow network is detected. See https://www.chromestatus.com/feature/5636954674692096 for more details. Fallback font will be used while loading: https://www.olx.com.pk/assets/Roboto-Bold.2735a3a69b509faf3577afd25bdf552e.woff2", source: https://www.olx.com.pk/item/vaporesso-luxe-x-iid-1078862457 (1)
[17868:13292:1018/001817.339:INFO:CONSOLE(1)] "[Cable::context] Initializing CableContext", source: https://www.olx.com.pk/assets/sentry.1791926275efd7919e9d.js (1)
[17868:13292:1018/001817.431:INFO:CONSOLE(1)] "0", source: https://www.olx.com.pk/assets/sentry.1791926275efd7919e9d.js (1)
[17868:13292:1018/001818.889:INFO:CONSOLE(0)] "Slow network is detected. See https://www.chromestatus.com/feature/5636954674692096 for more details. Fallback font will be used while loading: https://fonts.gstatic.com/s/roboto/v30/KFOmCnqEu92Fr1Mu4mxK.woff2", source: https://www.olx.com.pk/item/vaporesso-luxe-x-iid-1078862457 (0)
[17868:13292:1018/001818.890:INFO:CONSOLE(0)] "Slow network is detected. See https://www.chromestatus.com/feature/5636954674692096 for more details. Fallback font will be used while loading: https://fonts.gstatic.com/s/roboto/v30/KFOlCnqEu92Fr1MmEU9fBBc4.woff2", source: https://www.olx.com.pk/item/vaporesso-luxe-x-iid-1078862457 (0)
[17868:13292:1018/001818.909:INFO:CONSOLE(2)] "Powered by AMP ⚡ HTML – Version 2310061803000 https://www.olx.com.pk/item/vaporesso-luxe-x-iid-1078862457", source: https://cdn.ampproject.org/rtv/012310061803000/amp4ads-v0.mjs (2)
[17868:13292:1018/001857.520:INFO:CONSOLE(1)] "[Cable::context] Initializing CableContext", source: https://www.olx.com.pk/assets/sentry.1791926275efd7919e9d.js (1)
[17868:13292:1018/001857.665:INFO:CONSOLE(1)] "0", source: https://www.olx.com.pk/assets/sentry.1791926275efd7919e9d.js (1)
[17868:13292:1018/001858.686:INFO:CONSOLE(2)] "Powered by AMP ⚡ HTML – Version 2310061803000 https://www.olx.com.pk/item/ps4-ps5-xbox-iid-1065754880", source: https://cdn.ampproject.org/rtv/012310061803000/amp4ads-v0.mjs (2)
[17868:13292:1018/001936.690:INFO:CONSOLE(1)] "[Cable::context] Initializing CableContext", source: https://www.olx.com.pk/assets/sentry.1791926275efd7919e9d.js (1)
[17868:13292:1018/001936.794:INFO:CONSOLE(1)] "0", source: https://www.olx.com.pk/assets/sentry.1791926275efd7919e9d.js (1)
[17868:13292:1018/001938.304:INFO:CONSOLE(2)] "Powered by AMP ⚡ HTML – Version 2310061803000 https://www.olx.com.pk/item/led-42-inch-samsang-iid-1078862483", source: https://cdn.ampproject.org/rtv/012310061803000/amp4ads-v0.mjs (2)
[17868:13292:1018/001938.313:INFO:CONSOLE(2)] "Slow network is detected. See https://www.chromestatus.com/feature/5636954674692096 for more details. Fallback font will be used while loading: https://fonts.gstatic.com/s/roboto/v30/KFOmCnqEu92Fr1Mu4mxK.woff2", source: https://cdn.ampproject.org/rtv/012310061803000/amp4ads-v0.mjs (2)
[17868:13292:1018/001938.314:INFO:CONSOLE(2)] "Slow network is detected. See https://www.chromestatus.com/feature/5636954674692096 for more details. Fallback font will be used while loading: https://fonts.gstatic.com/s/roboto/v30/KFOlCnqEu92Fr1MmEU9fBBc4.woff2", source: https://cdn.ampproject.org/rtv/012310061803000/amp4ads-v0.mjs (2)
[17868:13292:1018/002014.781:INFO:CONSOLE(1)] "[Cable::context] Initializing CableContext", source: https://www.olx.com.pk/assets/sentry.1791926275efd7919e9d.js (1)
[17868:13292:1018/002014.887:INFO:CONSOLE(1)] "0", source: https://www.olx.com.pk/assets/sentry.1791926275efd7919e9d.js (1)
[17868:13292:1018/002053.897:INFO:CONSOLE(1)] "[Cable::context] Initializing CableContext", source: https://www.olx.com.pk/assets/sentry.1791926275efd7919e9d.js (1)
[17868:13292:1018/002053.998:INFO:CONSOLE(1)] "0", source: https://www.olx.com.pk/assets/sentry.1791926275efd7919e9d.js (1)
[17868:13292:1018/002055.581:INFO:CONSOLE(0)] "Slow network is detected. See https://www.chromestatus.com/feature/5636954674692096 for more details. Fallback font will be used while loading: https://fonts.gstatic.com/s/roboto/v30/KFOmCnqEu92Fr1Mu4mxK.woff2", source: https://www.olx.com.pk/item/tenda-router-3-ratina-iid-1078862441 (0)
[17868:13292:1018/002055.582:INFO:CONSOLE(0)] "Slow network is detected. See https://www.chromestatus.com/feature/5636954674692096 for more details. Fallback font will be used while loading: https://fonts.gstatic.com/s/roboto/v30/KFOlCnqEu92Fr1MmEU9fBBc4.woff2", source: https://www.olx.com.pk/item/tenda-router-3-ratina-iid-1078862441 (0)
[17868:13292:1018/002055.618:INFO:CONSOLE(2)] "Powered by AMP ⚡ HTML – Version 2310061803000 https://www.olx.com.pk/item/tenda-router-3-ratina-iid-1078862441", source: https://cdn.ampproject.org/rtv/012310061803000/amp4ads-v0.mjs (2)
[17868:13292:1018/002124.516:INFO:CONSOLE(1)] "[Cable::context] Initializing CableContext", source: https://www.olx.com.pk/assets/sentry.1791926275efd7919e9d.js (1)
[17868:13292:1018/002124.621:INFO:CONSOLE(1)] "0", source: https://www.olx.com.pk/assets/sentry.1791926275efd7919e9d.js (1)
[17868:13292:1018/002202.705:INFO:CONSOLE(1)] "[Cable::context] Initializing CableContext", source: https://www.olx.com.pk/assets/sentry.1791926275efd7919e9d.js (1)
[17868:13292:1018/002202.774:INFO:CONSOLE(1)] "0", source: https://www.olx.com.pk/assets/sentry.1791926275efd7919e9d.js (1)
[17868:13292:1018/002233.404:INFO:CONSOLE(1)] "[Cable::context] Initializing CableContext", source: https://www.olx.com.pk/assets/sentry.1791926275efd7919e9d.js (1)
[17868:13292:1018/002233.521:INFO:CONSOLE(1)] "0", source: https://www.olx.com.pk/assets/sentry.1791926275efd7919e9d.js (1)
[17868:13292:1018/002315.686:INFO:CONSOLE(1)] "[Cable::context] Initializing CableContext", source: https://www.olx.com.pk/assets/sentry.1791926275efd7919e9d.js (1)
[17868:13292:1018/002315.803:INFO:CONSOLE(1)] "0", source: https://www.olx.com.pk/assets/sentry.1791926275efd7919e9d.js (1)
[17868:13292:1018/002354.014:INFO:CONSOLE(1)] "[Cable::context] Initializing CableContext", source: https://www.olx.com.pk/assets/sentry.1791926275efd7919e9d.js (1)
[17868:13292:1018/002354.088:INFO:CONSOLE(1)] "0", source: https://www.olx.com.pk/assets/sentry.1791926275efd7919e9d.js (1)
[17868:13292:1018/002433.588:INFO:CONSOLE(1)] "[Cable::context] Initializing CableContext", source: https://www.olx.com.pk/assets/sentry.1791926275efd7919e9d.js (1)
[17868:13292:1018/002433.948:INFO:CONSOLE(1)] "0", source: https://www.olx.com.pk/assets/sentry.1791926275efd7919e9d.js (1)
[17868:13292:1018/002435.255:INFO:CONSOLE(42)] "image override", source: https://386fa11e9b8c2ec330ba17adc100e776.safeframe.googlesyndication.com/safeframe/1-0-40/html/container.html (42)
[17868:13292:1018/002514.430:INFO:CONSOLE(1)] "[Cable::context] Initializing CableContext", source: https://www.olx.com.pk/assets/sentry.1791926275efd7919e9d.js (1)
[17868:13292:1018/002514.537:INFO:CONSOLE(1)] "0", source: https://www.olx.com.pk/assets/sentry.1791926275efd7919e9d.js (1)
[17868:13292:1018/002556.724:INFO:CONSOLE(1)] "[Cable::context] Initializing CableContext", source: https://www.olx.com.pk/assets/sentry.1791926275efd7919e9d.js (1)
[17868:13292:1018/002556.822:INFO:CONSOLE(1)] "0", source: https://www.olx.com.pk/assets/sentry.1791926275efd7919e9d.js (1)
[17868:13292:1018/002634.507:WARNING:pref_notifier_impl.cc(41)] Pref observer for media_router.cast_allow_all_ips found at shutdown.
